0 info it worked if it ends with ok
1 verbose cli [ '/Users/Jozo/.nvm/v0.10.40/bin/node',
1 verbose cli   '/Users/Jozo/.nvm/v0.10.40/bin/npm',
1 verbose cli   'init' ]
2 info using npm@1.4.28
3 info using node@v0.10.40
4 verbose config Skipping project config: /Users/Jozo/.npmrc. (matches userconfig)
5 silly package data undefined
6 info init written successfully
7 error Error: Invalid version: "0.01"
7 error     at Object.module.exports.fixVersionField (/Users/Jozo/.nvm/v0.10.40/lib/node_modules/npm/node_modules/read-package-json/node_modules/normalize-package-data/lib/fixer.js:183:13)
7 error     at /Users/Jozo/.nvm/v0.10.40/lib/node_modules/npm/node_modules/read-package-json/node_modules/normalize-package-data/lib/normalize.js:30:38
7 error     at Array.forEach (native)
7 error     at normalize (/Users/Jozo/.nvm/v0.10.40/lib/node_modules/npm/node_modules/read-package-json/node_modules/normalize-package-data/lib/normalize.js:29:15)
7 error     at final (/Users/Jozo/.nvm/v0.10.40/lib/node_modules/npm/node_modules/read-package-json/read-json.js:342:33)
7 error     at then (/Users/Jozo/.nvm/v0.10.40/lib/node_modules/npm/node_modules/read-package-json/read-json.js:126:33)
7 error     at /Users/Jozo/.nvm/v0.10.40/lib/node_modules/npm/node_modules/read-package-json/read-json.js:316:48
7 error     at evalmachine.<anonymous>:208:20
7 error     at OpenReq.Req.done (/Users/Jozo/.nvm/v0.10.40/lib/node_modules/npm/node_modules/graceful-fs/graceful-fs.js:141:5)
7 error     at OpenReq.done (/Users/Jozo/.nvm/v0.10.40/lib/node_modules/npm/node_modules/graceful-fs/graceful-fs.js:61:22)
8 error If you need help, you may report this *entire* log,
8 error including the npm and node versions, at:
8 error     <http://github.com/npm/npm/issues>
9 error System Darwin 14.3.0
10 error command "/Users/Jozo/.nvm/v0.10.40/bin/node" "/Users/Jozo/.nvm/v0.10.40/bin/npm" "init"
11 error cwd /Users/Jozo/Desktop/first-timer
12 error node -v v0.10.40
13 error npm -v 1.4.28
14 verbose exit [ 1, true ]
